C:\USERS\ROLAND\DOCUMENTS\VISUAL STUDIO 2012\PROJECTS\MAPGEN\MAPGEN\DEBUG\GRIDGENERATOR2D.OBJ
C:\USERS\ROLAND\DOCUMENTS\VISUAL STUDIO 2012\PROJECTS\MAPGEN\MAPGEN\DEBUG\MAIN.OBJ
C:\USERS\ROLAND\DOCUMENTS\VISUAL STUDIO 2012\PROJECTS\MAPGEN\MAPGEN\DEBUG\VC110.PDB
C:\USERS\ROLAND\DOCUMENTS\VISUAL STUDIO 2012\PROJECTS\MAPGEN\DEBUG\MAPGEN.ILK
C:\USERS\ROLAND\DOCUMENTS\VISUAL STUDIO 2012\PROJECTS\MAPGEN\DEBUG\MAPGEN.EXE
C:\USERS\ROLAND\DOCUMENTS\VISUAL STUDIO 2012\PROJECTS\MAPGEN\DEBUG\MAPGEN.PDB
c:\Users\Roland\documents\visual studio 2012\Projects\MapGen\MapGen\Debug\GridGenerator2D.obj
c:\Users\Roland\documents\visual studio 2012\Projects\MapGen\MapGen\Debug\main.obj
c:\Users\Roland\documents\visual studio 2012\Projects\MapGen\MapGen\Debug\cl.command.1.tlog
c:\Users\Roland\documents\visual studio 2012\Projects\MapGen\MapGen\Debug\CL.read.1.tlog
c:\Users\Roland\documents\visual studio 2012\Projects\MapGen\MapGen\Debug\CL.write.1.tlog
c:\Users\Roland\documents\visual studio 2012\Projects\MapGen\MapGen\Debug\link-cvtres.read.1.tlog
c:\Users\Roland\documents\visual studio 2012\Projects\MapGen\MapGen\Debug\link-cvtres.write.1.tlog
c:\Users\Roland\documents\visual studio 2012\Projects\MapGen\MapGen\Debug\link-rc.read.1.tlog
c:\Users\Roland\documents\visual studio 2012\Projects\MapGen\MapGen\Debug\link-rc.write.1.tlog
c:\Users\Roland\documents\visual studio 2012\Projects\MapGen\MapGen\Debug\link.command.1.tlog
c:\Users\Roland\documents\visual studio 2012\Projects\MapGen\MapGen\Debug\link.read.1.tlog
c:\Users\Roland\documents\visual studio 2012\Projects\MapGen\MapGen\Debug\link.write.1.tlog
c:\Users\Roland\documents\visual studio 2012\Projects\MapGen\MapGen\Debug\vc110.idb
c:\Users\Roland\documents\visual studio 2012\Projects\MapGen\MapGen\Debug\vc110.pdb
c:\users\roland\documents\visual studio 2012\Projects\MapGen\Debug\MapGen.pdb
c:\users\roland\documents\visual studio 2012\Projects\MapGen\Debug\MapGen.exe
c:\users\roland\documents\visual studio 2012\Projects\MapGen\Debug\MapGen.ilk
