C:\USERS\CALVIN\DOCUMENTS\VISUAL STUDIO 2010\PROJECTS\BATTLESIMULATOR\BATTLESIMULATOR\DEBUG\ABILITY.OBJ
C:\USERS\CALVIN\DOCUMENTS\VISUAL STUDIO 2010\PROJECTS\BATTLESIMULATOR\BATTLESIMULATOR\DEBUG\ACTION.OBJ
C:\USERS\CALVIN\DOCUMENTS\VISUAL STUDIO 2010\PROJECTS\BATTLESIMULATOR\BATTLESIMULATOR\DEBUG\APPLIER.OBJ
C:\USERS\CALVIN\DOCUMENTS\VISUAL STUDIO 2010\PROJECTS\BATTLESIMULATOR\BATTLESIMULATOR\DEBUG\BATTLE.OBJ
C:\USERS\CALVIN\DOCUMENTS\VISUAL STUDIO 2010\PROJECTS\BATTLESIMULATOR\BATTLESIMULATOR\DEBUG\BATTLESIMULATOR.EXE.EMBED.MANIFEST
C:\USERS\CALVIN\DOCUMENTS\VISUAL STUDIO 2010\PROJECTS\BATTLESIMULATOR\BATTLESIMULATOR\DEBUG\BATTLESIMULATOR.EXE.EMBED.MANIFEST.RES
C:\USERS\CALVIN\DOCUMENTS\VISUAL STUDIO 2010\PROJECTS\BATTLESIMULATOR\BATTLESIMULATOR\DEBUG\BATTLESIMULATOR.EXE.INTERMEDIATE.MANIFEST
C:\Users\Calvin\Documents\Visual Studio 2010\Projects\BattleSimulator\BattleSimulator\Debug\BattleSimulator.vcxprojResolveAssemblyReference.cache
C:\Users\Calvin\Documents\Visual Studio 2010\Projects\BattleSimulator\BattleSimulator\Debug\BattleSimulator.write.1.tlog
C:\Users\Calvin\Documents\Visual Studio 2010\Projects\BattleSimulator\BattleSimulator\Debug\BattleSimulator_manifest.rc
C:\USERS\CALVIN\DOCUMENTS\VISUAL STUDIO 2010\PROJECTS\BATTLESIMULATOR\BATTLESIMULATOR\DEBUG\CHARACTER.OBJ
C:\Users\Calvin\Documents\Visual Studio 2010\Projects\BattleSimulator\BattleSimulator\Debug\cl.command.1.tlog
C:\Users\Calvin\Documents\Visual Studio 2010\Projects\BattleSimulator\BattleSimulator\Debug\CL.read.1.tlog
C:\Users\Calvin\Documents\Visual Studio 2010\Projects\BattleSimulator\BattleSimulator\Debug\CL.write.1.tlog
C:\USERS\CALVIN\DOCUMENTS\VISUAL STUDIO 2010\PROJECTS\BATTLESIMULATOR\BATTLESIMULATOR\DEBUG\DAMAGE.OBJ
C:\USERS\CALVIN\DOCUMENTS\VISUAL STUDIO 2010\PROJECTS\BATTLESIMULATOR\BATTLESIMULATOR\DEBUG\FORMATION.OBJ
C:\USERS\CALVIN\DOCUMENTS\VISUAL STUDIO 2010\PROJECTS\BATTLESIMULATOR\BATTLESIMULATOR\DEBUG\GRIDPOINT.OBJ
C:\USERS\CALVIN\DOCUMENTS\VISUAL STUDIO 2010\PROJECTS\BATTLESIMULATOR\BATTLESIMULATOR\DEBUG\GROUP.OBJ
C:\Users\Calvin\Documents\Visual Studio 2010\Projects\BattleSimulator\BattleSimulator\Debug\link.4492.read.1.tlog
C:\Users\Calvin\Documents\Visual Studio 2010\Projects\BattleSimulator\BattleSimulator\Debug\link.4492.write.1.tlog
C:\Users\Calvin\Documents\Visual Studio 2010\Projects\BattleSimulator\BattleSimulator\Debug\link.4492-cvtres.read.1.tlog
C:\Users\Calvin\Documents\Visual Studio 2010\Projects\BattleSimulator\BattleSimulator\Debug\link.4492-cvtres.write.1.tlog
C:\Users\Calvin\Documents\Visual Studio 2010\Projects\BattleSimulator\BattleSimulator\Debug\link.5584.read.1.tlog
C:\Users\Calvin\Documents\Visual Studio 2010\Projects\BattleSimulator\BattleSimulator\Debug\link.5584.write.1.tlog
C:\Users\Calvin\Documents\Visual Studio 2010\Projects\BattleSimulator\BattleSimulator\Debug\link.5584-cvtres.read.1.tlog
C:\Users\Calvin\Documents\Visual Studio 2010\Projects\BattleSimulator\BattleSimulator\Debug\link.5584-cvtres.write.1.tlog
C:\Users\Calvin\Documents\Visual Studio 2010\Projects\BattleSimulator\BattleSimulator\Debug\link.command.1.tlog
C:\Users\Calvin\Documents\Visual Studio 2010\Projects\BattleSimulator\BattleSimulator\Debug\link.read.1.tlog
C:\Users\Calvin\Documents\Visual Studio 2010\Projects\BattleSimulator\BattleSimulator\Debug\link.write.1.tlog
C:\Users\Calvin\Documents\Visual Studio 2010\Projects\BattleSimulator\BattleSimulator\Debug\link-cvtres.read.1.tlog
C:\Users\Calvin\Documents\Visual Studio 2010\Projects\BattleSimulator\BattleSimulator\Debug\link-cvtres.write.1.tlog
C:\USERS\CALVIN\DOCUMENTS\VISUAL STUDIO 2010\PROJECTS\BATTLESIMULATOR\BATTLESIMULATOR\DEBUG\MAIN.OBJ
C:\Users\Calvin\Documents\Visual Studio 2010\Projects\BattleSimulator\BattleSimulator\Debug\mt.command.1.tlog
C:\Users\Calvin\Documents\Visual Studio 2010\Projects\BattleSimulator\BattleSimulator\Debug\mt.read.1.tlog
C:\Users\Calvin\Documents\Visual Studio 2010\Projects\BattleSimulator\BattleSimulator\Debug\mt.write.1.tlog
C:\USERS\CALVIN\DOCUMENTS\VISUAL STUDIO 2010\PROJECTS\BATTLESIMULATOR\BATTLESIMULATOR\DEBUG\PCH.OBJ
C:\Users\Calvin\Documents\Visual Studio 2010\Projects\BattleSimulator\BattleSimulator\Debug\rc.command.1.tlog
C:\Users\Calvin\Documents\Visual Studio 2010\Projects\BattleSimulator\BattleSimulator\Debug\rc.read.1.tlog
C:\Users\Calvin\Documents\Visual Studio 2010\Projects\BattleSimulator\BattleSimulator\Debug\rc.write.1.tlog
C:\USERS\CALVIN\DOCUMENTS\VISUAL STUDIO 2010\PROJECTS\BATTLESIMULATOR\BATTLESIMULATOR\DEBUG\STATUS.OBJ
C:\USERS\CALVIN\DOCUMENTS\VISUAL STUDIO 2010\PROJECTS\BATTLESIMULATOR\BATTLESIMULATOR\DEBUG\TARGET.OBJ
C:\USERS\CALVIN\DOCUMENTS\VISUAL STUDIO 2010\PROJECTS\BATTLESIMULATOR\BATTLESIMULATOR\DEBUG\UNIT.OBJ
C:\Users\Calvin\Documents\Visual Studio 2010\Projects\BattleSimulator\BattleSimulator\Debug\vc100.idb
C:\USERS\CALVIN\DOCUMENTS\VISUAL STUDIO 2010\PROJECTS\BATTLESIMULATOR\BATTLESIMULATOR\DEBUG\VC100.PDB
C:\USERS\CALVIN\DOCUMENTS\VISUAL STUDIO 2010\PROJECTS\BATTLESIMULATOR\DEBUG\BATTLESIMULATOR.EXE
C:\USERS\CALVIN\DOCUMENTS\VISUAL STUDIO 2010\PROJECTS\BATTLESIMULATOR\DEBUG\BATTLESIMULATOR.ILK
C:\USERS\CALVIN\DOCUMENTS\VISUAL STUDIO 2010\PROJECTS\BATTLESIMULATOR\DEBUG\BATTLESIMULATOR.PDB
